<?xml version="1.0" encoding="UTF-8"?>
<!-- Generated by org.testng.reporters.JUnitReportReporter -->
<testsuite hostname="DESKTOP-A2SGV3Q" failures="0" tests="1" name="E2EScenario.E2EScenario.TestScenario3" time="1.872" errors="0" timestamp="2024-08-30T15:16:50 CDT" skipped="0">
  <testcase classname="E2EScenario.E2EScenario.TestScenario3" name="Scenario3" time="1.872"/>
</testsuite> <!-- E2EScenario.E2EScenario.TestScenario3 -->
