<?xml version="1.0" encoding="UTF-8"?>
<!-- Generated by org.testng.reporters.JUnitReportReporter -->
<testsuite hostname="DESKTOP-A2SGV3Q" failures="0" tests="1" name="E2EScenario.E2EScenario.AmazonTest" time="1.382" errors="0" timestamp="2024-08-30T14:31:26 CDT" skipped="0">
  <testcase classname="E2EScenario.E2EScenario.AmazonTest" name="Scenario1" time="1.382"/>
</testsuite> <!-- E2EScenario.E2EScenario.AmazonTest -->
